<?xml version="1.0" encoding="UTF-8"?>
<!-- Generated by org.testng.reporters.JUnitXMLReporter -->
<testsuite ignored="4" hostname="DESKTOP-HHIM7D1" failures="0" tests="3" name="Default test" time="68.107" errors="0" timestamp="2024-11-19T12:55:05 IST">
  <testcase classname="tests.Login" name="verifyLoginUsingValidCredentials" time="4.261"/>
  <testcase classname="tests.Login" name="verifyLoginUsingValidCredentials" time="4.158"/>
  <testcase classname="tests.Login" name="verifyLoginUsingValidCredentials" time="6.759"/>
  <testcase classname="tests.Login" name="verifyLoginUsingInValidEmailAndvalidPasswordCredentials" time="0.0">
    <ignored/>
  </testcase> <!-- verifyLoginUsingInValidEmailAndvalidPasswordCredentials -->
  <testcase classname="tests.Login" name="verifyLoginUsingInValidCredentials" time="0.0">
    <ignored/>
  </testcase> <!-- verifyLoginUsingInValidCredentials -->
  <testcase classname="tests.Login" name="verifyLoginUsingWithoutCredentials" time="0.0">
    <ignored/>
  </testcase> <!-- verifyLoginUsingWithoutCredentials -->
  <testcase classname="tests.Login" name="verifyLoginUsingValidEmailInvalidpasswordCredentials" time="0.0">
    <ignored/>
  </testcase> <!-- verifyLoginUsingValidEmailInvalidpasswordCredentials -->
</testsuite> <!-- Default test -->
