<?xml version="1.0" encoding="UTF-8"?>
<!-- Generated by org.testng.reporters.JUnitXMLReporter -->
<testsuite ignored="1" hostname="DESKTOP-HHIM7D1" failures="1" tests="13" name="Test" time="183.924" errors="0" timestamp="2024-11-21T13:59:56 IST">
  <testcase classname="tests.Login" name="verifyLoginUsingValidCredentials" time="4.223"/>
  <testcase classname="tests.Login" name="verifyLoginUsingValidCredentials" time="2.742"/>
  <testcase classname="tests.Login" name="verifyLoginUsingValidCredentials" time="2.149"/>
  <testcase classname="tests.Login" name="verifyLoginUsingInValidCredentials" time="1.805"/>
  <testcase classname="tests.Login" name="verifyLoginUsingInValidEmailAndvalidPasswordCredentials" time="1.583"/>
  <testcase classname="tests.Login" name="verifyLoginUsingValidEmailInvalidpasswordCredentials" time="1.644"/>
  <testcase classname="tests.Login" name="verifyLoginUsingWithoutCredentials" time="1.012"/>
  <testcase classname="tests.Register" name="verifyRegisteringAccountUsingMandatoryFields" time="4.367"/>
  <testcase classname="tests.Register" name="verifyRegisteringAccountUsingAllFields" time="4.698"/>
  <testcase classname="tests.Register" name="verifyRegistrationUsingSayingYesToNewsletter" time="5.107"/>
  <testcase classname="tests.Search" name="verifySearchWithExistingProduct" time="1.228">
    <failure type="java.lang.AssertionError" message="expected [true] but found [false]">
      <![CDATA[java.lang.AssertionError: expected [true] but found [false]
at tests.Search.verifySearchWithExistingProduct(Search.java:69)
at java.base/java.util.ArrayList.forEach(ArrayList.java:1596)
... Removed 29 stack frames]]>
    </failure>
  </testcase> <!-- verifySearchWithExistingProduct -->
  <testcase classname="tests.Search" name="verifySearchWithNonExistingProduct" time="0.0">
    <skipped/>
  </testcase> <!-- verifySearchWithNonExistingProduct -->
  <testcase classname="tests.Search" name="verifySearchWithoutAnyProduct" time="0.011">
    <skipped/>
  </testcase> <!-- verifySearchWithoutAnyProduct -->
  <testcase classname="tests.Register" name="verifyRegistrationUsingSayingNoToNewsletter" time="0.0">
    <ignored/>
  </testcase> <!-- verifyRegistrationUsingSayingNoToNewsletter -->
</testsuite> <!-- Test -->
